{"/Users/fengge/Documents/coding/MTR_TRADE_BOT/models/Position.ts": {"path":"/Users/fengge/Documents/coding/MTR_TRADE_BOT/models/Position.ts","statementMap":{"0":{"start":{"line":7,"column":0},"end":{"line":7,"column":null}},"1":{"start":{"line":8,"column":2},"end":{"line":8,"column":null}},"2":{"start":{"line":9,"column":2},"end":{"line":9,"column":null}},"3":{"start":{"line":10,"column":2},"end":{"line":10,"column":null}},"4":{"start":{"line":11,"column":2},"end":{"line":11,"column":24}}},"fnMap":{"0":{"name":"(anonymous_0)","decl":{"start":{"line":7,"column":0},"end":{"line":7,"column":12}},"loc":{"start":{"line":7,"column":26},"end":{"line":12,"column":1}}}},"branchMap":{"0":{"loc":{"start":{"line":7,"column":12},"end":{"line":7,"column":null}},"type":"binary-expr","locations":[{"start":{"line":7,"column":12},"end":{"line":7,"column":26}},{"start":{"line":7,"column":12},"end":{"line":7,"column":null}}]}},"s":{"0":2,"1":2,"2":2,"3":2,"4":2},"f":{"0":2},"b":{"0":[2,2]}}
,"/Users/fengge/Documents/coding/MTR_TRADE_BOT/models/PositionStore.ts": {"path":"/Users/fengge/Documents/coding/MTR_TRADE_BOT/models/PositionStore.ts","statementMap":{"0":{"start":{"line":1,"column":0},"end":{"line":1,"column":20}},"1":{"start":{"line":2,"column":0},"end":{"line":2,"column":24}},"2":{"start":{"line":3,"column":0},"end":{"line":3,"column":36}},"3":{"start":{"line":4,"column":0},"end":{"line":4,"column":23}},"4":{"start":{"line":5,"column":0},"end":{"line":5,"column":110}},"5":{"start":{"line":13,"column":10},"end":{"line":13,"column":55}},"6":{"start":{"line":14,"column":10},"end":{"line":14,"column":64}},"7":{"start":{"line":17,"column":4},"end":{"line":17,"column":62}},"8":{"start":{"line":18,"column":4},"end":{"line":18,"column":67}},"9":{"start":{"line":21,"column":4},"end":{"line":23,"column":null}},"10":{"start":{"line":22,"column":6},"end":{"line":22,"column":49}},"11":{"start":{"line":26,"column":4},"end":{"line":26,"column":20}},"12":{"start":{"line":33,"column":28},"end":{"line":44,"column":6}},"13":{"start":{"line":47,"column":4},"end":{"line":47,"column":33}},"14":{"start":{"line":50,"column":4},"end":{"line":57,"column":null}},"15":{"start":{"line":51,"column":6},"end":{"line":56,"column":8}},"16":{"start":{"line":59,"column":4},"end":{"line":59,"column":22}},"17":{"start":{"line":66,"column":31},"end":{"line":77,"column":6}},"18":{"start":{"line":80,"column":4},"end":{"line":85,"column":null}},"19":{"start":{"line":81,"column":6},"end":{"line":84,"column":8}},"20":{"start":{"line":87,"column":4},"end":{"line":87,"column":20}},"21":{"start":{"line":94,"column":24},"end":{"line":97,"column":6}},"22":{"start":{"line":99,"column":4},"end":{"line":101,"column":null}},"23":{"start":{"line":100,"column":6},"end":{"line":100,"column":56}},"24":{"start":{"line":103,"column":4},"end":{"line":105,"column":null}},"25":{"start":{"line":104,"column":6},"end":{"line":104,"column":56}},"26":{"start":{"line":107,"column":4},"end":{"line":107,"column":18}},"27":{"start":{"line":114,"column":24},"end":{"line":117,"column":6}},"28":{"start":{"line":119,"column":4},"end":{"line":121,"column":null}},"29":{"start":{"line":120,"column":6},"end":{"line":120,"column":50}},"30":{"start":{"line":123,"column":4},"end":{"line":125,"column":null}},"31":{"start":{"line":124,"column":6},"end":{"line":124,"column":50}},"32":{"start":{"line":127,"column":4},"end":{"line":127,"column":18}},"33":{"start":{"line":134,"column":4},"end":{"line":158,"column":null}},"34":{"start":{"line":135,"column":6},"end":{"line":141,"column":null}},"35":{"start":{"line":136,"column":30},"end":{"line":136,"column":86}},"36":{"start":{"line":138,"column":8},"end":{"line":140,"column":null}},"37":{"start":{"line":139,"column":10},"end":{"line":139,"column":68}},"38":{"start":{"line":143,"column":6},"end":{"line":152,"column":null}},"39":{"start":{"line":144,"column":28},"end":{"line":144,"column":82}},"40":{"start":{"line":146,"column":8},"end":{"line":151,"column":null}},"41":{"start":{"line":147,"column":10},"end":{"line":150,"column":12}},"42":{"start":{"line":149,"column":45},"end":{"line":149,"column":74}},"43":{"start":{"line":154,"column":6},"end":{"line":154,"column":59}},"44":{"start":{"line":156,"column":6},"end":{"line":156,"column":33}},"45":{"start":{"line":157,"column":6},"end":{"line":157,"column":33}},"46":{"start":{"line":165,"column":4},"end":{"line":184,"column":null}},"47":{"start":{"line":167,"column":48},"end":{"line":167,"column":50}},"48":{"start":{"line":168,"column":6},"end":{"line":170,"column":null}},"49":{"start":{"line":169,"column":8},"end":{"line":169,"column":58}},"50":{"start":{"line":172,"column":6},"end":{"line":172,"column":82}},"51":{"start":{"line":175,"column":48},"end":{"line":175,"column":50}},"52":{"start":{"line":176,"column":6},"end":{"line":178,"column":null}},"53":{"start":{"line":177,"column":8},"end":{"line":177,"column":73}},"54":{"start":{"line":177,"column":44},"end":{"line":177,"column":71}},"55":{"start":{"line":180,"column":6},"end":{"line":180,"column":78}},"56":{"start":{"line":182,"column":6},"end":{"line":182,"column":58}},"57":{"start":{"line":183,"column":6},"end":{"line":183,"column":72}},"58":{"start":{"line":191,"column":16},"end":{"line":191,"column":26}},"59":{"start":{"line":192,"column":31},"end":{"line":239,"column":6}},"60":{"start":{"line":211,"column":12},"end":{"line":216,"column":null}},"61":{"start":{"line":212,"column":14},"end":{"line":212,"column":62}},"62":{"start":{"line":214,"column":14},"end":{"line":214,"column":87}},"63":{"start":{"line":215,"column":14},"end":{"line":215,"column":31}},"64":{"start":{"line":223,"column":12},"end":{"line":228,"column":null}},"65":{"start":{"line":224,"column":14},"end":{"line":224,"column":64}},"66":{"start":{"line":226,"column":14},"end":{"line":226,"column":91}},"67":{"start":{"line":227,"column":14},"end":{"line":227,"column":31}},"68":{"start":{"line":241,"column":4},"end":{"line":241,"column":46}},"69":{"start":{"line":242,"column":4},"end":{"line":242,"column":20}},"70":{"start":{"line":243,"column":4},"end":{"line":243,"column":20}},"71":{"start":{"line":250,"column":4},"end":{"line":250,"column":46}},"72":{"start":{"line":253,"column":4},"end":{"line":273,"column":null}},"73":{"start":{"line":254,"column":44},"end":{"line":270,"column":8}},"74":{"start":{"line":272,"column":6},"end":{"line":272,"column":54}},"75":{"start":{"line":275,"column":4},"end":{"line":275,"column":26}},"76":{"start":{"line":282,"column":4},"end":{"line":282,"column":42}},"77":{"start":{"line":289,"column":4},"end":{"line":289,"column":47}},"78":{"start":{"line":296,"column":4},"end":{"line":298,"column":6}},"79":{"start":{"line":297,"column":18},"end":{"line":297,"column":52}},"80":{"start":{"line":305,"column":4},"end":{"line":307,"column":6}},"81":{"start":{"line":306,"column":18},"end":{"line":306,"column":44}},"82":{"start":{"line":314,"column":21},"end":{"line":314,"column":43}},"83":{"start":{"line":315,"column":4},"end":{"line":317,"column":null}},"84":{"start":{"line":316,"column":6},"end":{"line":316,"column":58}},"85":{"start":{"line":320,"column":28},"end":{"line":324,"column":6}},"86":{"start":{"line":326,"column":4},"end":{"line":326,"column":44}},"87":{"start":{"line":329,"column":42},"end":{"line":335,"column":6}},"88":{"start":{"line":338,"column":28},"end":{"line":338,"column":56}},"89":{"start":{"line":339,"column":4},"end":{"line":339,"column":39}},"90":{"start":{"line":340,"column":4},"end":{"line":340,"column":44}},"91":{"start":{"line":342,"column":4},"end":{"line":342,"column":26}},"92":{"start":{"line":349,"column":4},"end":{"line":351,"column":null}},"93":{"start":{"line":350,"column":6},"end":{"line":350,"column":58}},"94":{"start":{"line":353,"column":4},"end":{"line":353,"column":30}},"95":{"start":{"line":356,"column":42},"end":{"line":361,"column":6}},"96":{"start":{"line":363,"column":28},"end":{"line":363,"column":56}},"97":{"start":{"line":364,"column":4},"end":{"line":364,"column":39}},"98":{"start":{"line":365,"column":4},"end":{"line":365,"column":44}},"99":{"start":{"line":367,"column":4},"end":{"line":367,"column":26}},"100":{"start":{"line":374,"column":28},"end":{"line":374,"column":72}},"101":{"start":{"line":375,"column":4},"end":{"line":375,"column":34}},"102":{"start":{"line":376,"column":4},"end":{"line":376,"column":60}},"103":{"start":{"line":378,"column":4},"end":{"line":378,"column":26}},"104":{"start":{"line":385,"column":4},"end":{"line":385,"column":48}},"105":{"start":{"line":10,"column":0},"end":{"line":10,"column":13}}},"fnMap":{"0":{"name":"(anonymous_1)","decl":{"start":{"line":16,"column":2},"end":{"line":16,"column":14}},"loc":{"start":{"line":16,"column":71},"end":{"line":27,"column":3}}},"1":{"name":"(anonymous_2)","decl":{"start":{"line":32,"column":10},"end":{"line":32,"column":27}},"loc":{"start":{"line":32,"column":46},"end":{"line":60,"column":3}}},"2":{"name":"(anonymous_3)","decl":{"start":{"line":65,"column":10},"end":{"line":65,"column":29}},"loc":{"start":{"line":65,"column":39},"end":{"line":88,"column":3}}},"3":{"name":"(anonymous_4)","decl":{"start":{"line":93,"column":10},"end":{"line":93,"column":26}},"loc":{"start":{"line":93,"column":51},"end":{"line":108,"column":3}}},"4":{"name":"(anonymous_5)","decl":{"start":{"line":113,"column":10},"end":{"line":113,"column":28}},"loc":{"start":{"line":113,"column":38},"end":{"line":128,"column":3}}},"5":{"name":"(anonymous_6)","decl":{"start":{"line":133,"column":10},"end":{"line":133,"column":18}},"loc":{"start":{"line":133,"column":18},"end":{"line":159,"column":3}}},"6":{"name":"(anonymous_7)","decl":{"start":{"line":149,"column":37},"end":{"line":149,"column":41}},"loc":{"start":{"line":149,"column":45},"end":{"line":149,"column":74}}},"7":{"name":"(anonymous_8)","decl":{"start":{"line":164,"column":10},"end":{"line":164,"column":15}},"loc":{"start":{"line":164,"column":24},"end":{"line":185,"column":3}}},"8":{"name":"(anonymous_9)","decl":{"start":{"line":177,"column":36},"end":{"line":177,"column":40}},"loc":{"start":{"line":177,"column":44},"end":{"line":177,"column":71}}},"9":{"name":"(anonymous_10)","decl":{"start":{"line":190,"column":9},"end":{"line":190,"column":23}},"loc":{"start":{"line":190,"column":52},"end":{"line":244,"column":3}}},"10":{"name":"(anonymous_11)","decl":{"start":{"line":210,"column":11},"end":{"line":210,"column":14}},"loc":{"start":{"line":210,"column":16},"end":{"line":217,"column":11}}},"11":{"name":"(anonymous_12)","decl":{"start":{"line":222,"column":11},"end":{"line":222,"column":14}},"loc":{"start":{"line":222,"column":16},"end":{"line":229,"column":11}}},"12":{"name":"(anonymous_13)","decl":{"start":{"line":249,"column":9},"end":{"line":249,"column":14}},"loc":{"start":{"line":249,"column":46},"end":{"line":276,"column":3}}},"13":{"name":"(anonymous_14)","decl":{"start":{"line":281,"column":9},"end":{"line":281,"column":14}},"loc":{"start":{"line":281,"column":37},"end":{"line":283,"column":3}}},"14":{"name":"(anonymous_15)","decl":{"start":{"line":288,"column":9},"end":{"line":288,"column":14}},"loc":{"start":{"line":288,"column":30},"end":{"line":290,"column":3}}},"15":{"name":"(anonymous_16)","decl":{"start":{"line":295,"column":9},"end":{"line":295,"column":14}},"loc":{"start":{"line":295,"column":52},"end":{"line":299,"column":3}}},"16":{"name":"(anonymous_17)","decl":{"start":{"line":297,"column":6},"end":{"line":297,"column":14}},"loc":{"start":{"line":297,"column":18},"end":{"line":297,"column":52}}},"17":{"name":"(anonymous_18)","decl":{"start":{"line":304,"column":9},"end":{"line":304,"column":14}},"loc":{"start":{"line":304,"column":50},"end":{"line":308,"column":3}}},"18":{"name":"(anonymous_19)","decl":{"start":{"line":306,"column":6},"end":{"line":306,"column":14}},"loc":{"start":{"line":306,"column":18},"end":{"line":306,"column":44}}},"19":{"name":"(anonymous_20)","decl":{"start":{"line":313,"column":9},"end":{"line":313,"column":14}},"loc":{"start":{"line":313,"column":68},"end":{"line":343,"column":3}}},"20":{"name":"(anonymous_21)","decl":{"start":{"line":348,"column":9},"end":{"line":348,"column":14}},"loc":{"start":{"line":348,"column":40},"end":{"line":368,"column":3}}},"21":{"name":"(anonymous_22)","decl":{"start":{"line":373,"column":9},"end":{"line":373,"column":14}},"loc":{"start":{"line":373,"column":59},"end":{"line":379,"column":3}}},"22":{"name":"(anonymous_23)","decl":{"start":{"line":384,"column":9},"end":{"line":384,"column":14}},"loc":{"start":{"line":384,"column":52},"end":{"line":386,"column":3}}}},"branchMap":{"0":{"loc":{"start":{"line":16,"column":14},"end":{"line":16,"column":71}},"type":"default-arg","locations":[{"start":{"line":16,"column":32},"end":{"line":16,"column":71}}]},"1":{"loc":{"start":{"line":21,"column":4},"end":{"line":23,"column":null}},"type":"if","locations":[{"start":{"line":21,"column":4},"end":{"line":23,"column":null}}]},"2":{"loc":{"start":{"line":43,"column":14},"end":{"line":43,"column":67}},"type":"cond-expr","locations":[{"start":{"line":43,"column":32},"end":{"line":43,"column":55}},{"start":{"line":43,"column":58},"end":{"line":43,"column":67}}]},"3":{"loc":{"start":{"line":50,"column":4},"end":{"line":57,"column":null}},"type":"if","locations":[{"start":{"line":50,"column":4},"end":{"line":57,"column":null}}]},"4":{"loc":{"start":{"line":70,"column":23},"end":{"line":70,"column":86}},"type":"cond-expr","locations":[{"start":{"line":70,"column":46},"end":{"line":70,"column":74}},{"start":{"line":70,"column":77},"end":{"line":70,"column":86}}]},"5":{"loc":{"start":{"line":71,"column":25},"end":{"line":71,"column":92}},"type":"cond-expr","locations":[{"start":{"line":71,"column":50},"end":{"line":71,"column":80}},{"start":{"line":71,"column":83},"end":{"line":71,"column":92}}]},"6":{"loc":{"start":{"line":72,"column":23},"end":{"line":72,"column":86}},"type":"cond-expr","locations":[{"start":{"line":72,"column":46},"end":{"line":72,"column":74}},{"start":{"line":72,"column":77},"end":{"line":72,"column":86}}]},"7":{"loc":{"start":{"line":75,"column":16},"end":{"line":75,"column":67}},"type":"cond-expr","locations":[{"start":{"line":75,"column":32},"end":{"line":75,"column":55}},{"start":{"line":75,"column":58},"end":{"line":75,"column":67}}]},"8":{"loc":{"start":{"line":76,"column":14},"end":{"line":76,"column":59}},"type":"cond-expr","locations":[{"start":{"line":76,"column":28},"end":{"line":76,"column":47}},{"start":{"line":76,"column":50},"end":{"line":76,"column":59}}]},"9":{"loc":{"start":{"line":80,"column":4},"end":{"line":85,"column":null}},"type":"if","locations":[{"start":{"line":80,"column":4},"end":{"line":85,"column":null}}]},"10":{"loc":{"start":{"line":99,"column":4},"end":{"line":101,"column":null}},"type":"if","locations":[{"start":{"line":99,"column":4},"end":{"line":101,"column":null}}]},"11":{"loc":{"start":{"line":103,"column":4},"end":{"line":105,"column":null}},"type":"if","locations":[{"start":{"line":103,"column":4},"end":{"line":105,"column":null}}]},"12":{"loc":{"start":{"line":119,"column":4},"end":{"line":121,"column":null}},"type":"if","locations":[{"start":{"line":119,"column":4},"end":{"line":121,"column":null}}]},"13":{"loc":{"start":{"line":123,"column":4},"end":{"line":125,"column":null}},"type":"if","locations":[{"start":{"line":123,"column":4},"end":{"line":125,"column":null}}]},"14":{"loc":{"start":{"line":135,"column":6},"end":{"line":141,"column":null}},"type":"if","locations":[{"start":{"line":135,"column":6},"end":{"line":141,"column":null}}]},"15":{"loc":{"start":{"line":143,"column":6},"end":{"line":152,"column":null}},"type":"if","locations":[{"start":{"line":143,"column":6},"end":{"line":152,"column":null}}]},"16":{"loc":{"start":{"line":200,"column":25},"end":{"line":202,"column":34}},"type":"cond-expr","locations":[{"start":{"line":201,"column":10},"end":{"line":201,"column":42}},{"start":{"line":202,"column":10},"end":{"line":202,"column":34}}]},"17":{"loc":{"start":{"line":203,"column":25},"end":{"line":205,"column":34}},"type":"cond-expr","locations":[{"start":{"line":204,"column":10},"end":{"line":204,"column":42}},{"start":{"line":205,"column":10},"end":{"line":205,"column":34}}]},"18":{"loc":{"start":{"line":209,"column":23},"end":{"line":218,"column":50}},"type":"cond-expr","locations":[{"start":{"line":210,"column":10},"end":{"line":217,"column":14}},{"start":{"line":218,"column":10},"end":{"line":218,"column":50}}]},"19":{"loc":{"start":{"line":209,"column":23},"end":{"line":209,"column":91}},"type":"binary-expr","locations":[{"start":{"line":209,"column":23},"end":{"line":209,"column":65}},{"start":{"line":209,"column":69},"end":{"line":209,"column":91}}]},"20":{"loc":{"start":{"line":221,"column":25},"end":{"line":230,"column":52}},"type":"cond-expr","locations":[{"start":{"line":222,"column":10},"end":{"line":229,"column":14}},{"start":{"line":230,"column":10},"end":{"line":230,"column":52}}]},"21":{"loc":{"start":{"line":221,"column":25},"end":{"line":221,"column":97}},"type":"binary-expr","locations":[{"start":{"line":221,"column":25},"end":{"line":221,"column":69}},{"start":{"line":221,"column":73},"end":{"line":221,"column":97}}]},"22":{"loc":{"start":{"line":253,"column":4},"end":{"line":273,"column":null}},"type":"if","locations":[{"start":{"line":253,"column":4},"end":{"line":273,"column":null}}]},"23":{"loc":{"start":{"line":266,"column":27},"end":{"line":266,"column":101}},"type":"cond-expr","locations":[{"start":{"line":266,"column":54},"end":{"line":266,"column":89}},{"start":{"line":266,"column":92},"end":{"line":266,"column":101}}]},"24":{"loc":{"start":{"line":268,"column":29},"end":{"line":268,"column":107}},"type":"cond-expr","locations":[{"start":{"line":268,"column":58},"end":{"line":268,"column":95}},{"start":{"line":268,"column":98},"end":{"line":268,"column":107}}]},"25":{"loc":{"start":{"line":282,"column":11},"end":{"line":282,"column":41}},"type":"binary-expr","locations":[{"start":{"line":282,"column":11},"end":{"line":282,"column":33}},{"start":{"line":282,"column":37},"end":{"line":282,"column":41}}]},"26":{"loc":{"start":{"line":315,"column":4},"end":{"line":317,"column":null}},"type":"if","locations":[{"start":{"line":315,"column":4},"end":{"line":317,"column":null}}]},"27":{"loc":{"start":{"line":338,"column":28},"end":{"line":338,"column":56}},"type":"binary-expr","locations":[{"start":{"line":338,"column":28},"end":{"line":338,"column":50}},{"start":{"line":338,"column":54},"end":{"line":338,"column":56}}]},"28":{"loc":{"start":{"line":349,"column":4},"end":{"line":351,"column":null}},"type":"if","locations":[{"start":{"line":349,"column":4},"end":{"line":351,"column":null}}]},"29":{"loc":{"start":{"line":363,"column":28},"end":{"line":363,"column":56}},"type":"binary-expr","locations":[{"start":{"line":363,"column":28},"end":{"line":363,"column":50}},{"start":{"line":363,"column":54},"end":{"line":363,"column":56}}]},"30":{"loc":{"start":{"line":374,"column":28},"end":{"line":374,"column":72}},"type":"binary-expr","locations":[{"start":{"line":374,"column":28},"end":{"line":374,"column":66}},{"start":{"line":374,"column":70},"end":{"line":374,"column":72}}]},"31":{"loc":{"start":{"line":385,"column":11},"end":{"line":385,"column":47}},"type":"binary-expr","locations":[{"start":{"line":385,"column":11},"end":{"line":385,"column":41}},{"start":{"line":385,"column":45},"end":{"line":385,"column":47}}]}},"s":{"0":1,"1":1,"2":1,"3":1,"4":1,"5":0,"6":0,"7":0,"8":0,"9":0,"10":0,"11":0,"12":0,"13":0,"14":0,"15":0,"16":0,"17":0,"18":0,"19":0,"20":0,"21":0,"22":0,"23":0,"24":0,"25":0,"26":0,"27":0,"28":0,"29":0,"30":0,"31":0,"32":0,"33":0,"34":0,"35":0,"36":0,"37":0,"38":0,"39":0,"40":0,"41":0,"42":0,"43":0,"44":0,"45":0,"46":0,"47":0,"48":0,"49":0,"50":0,"51":0,"52":0,"53":0,"54":0,"55":0,"56":0,"57":0,"58":0,"59":0,"60":0,"61":0,"62":0,"63":0,"64":0,"65":0,"66":0,"67":0,"68":0,"69":0,"70":0,"71":0,"72":0,"73":0,"74":0,"75":0,"76":0,"77":0,"78":0,"79":0,"80":0,"81":0,"82":0,"83":0,"84":0,"85":0,"86":0,"87":0,"88":0,"89":0,"90":0,"91":0,"92":0,"93":0,"94":0,"95":0,"96":0,"97":0,"98":0,"99":0,"100":0,"101":0,"102":0,"103":0,"104":0,"105":1},"f":{"0":0,"1":0,"2":0,"3":0,"4":0,"5":0,"6":0,"7":0,"8":0,"9":0,"10":0,"11":0,"12":0,"13":0,"14":0,"15":0,"16":0,"17":0,"18":0,"19":0,"20":0,"21":0,"22":0},"b":{"0":[0],"1":[0],"2":[0,0],"3":[0],"4":[0,0],"5":[0,0],"6":[0,0],"7":[0,0],"8":[0,0],"9":[0],"10":[0],"11":[0],"12":[0],"13":[0],"14":[0],"15":[0],"16":[0,0],"17":[0,0],"18":[0,0],"19":[0,0],"20":[0,0],"21":[0,0],"22":[0],"23":[0,0],"24":[0,0],"25":[0,0],"26":[0],"27":[0,0],"28":[0],"29":[0,0],"30":[0,0],"31":[0,0]}}
,"/Users/fengge/Documents/coding/MTR_TRADE_BOT/models/UserWalletMap.ts": {"path":"/Users/fengge/Documents/coding/MTR_TRADE_BOT/models/UserWalletMap.ts","statementMap":{"0":{"start":{"line":1,"column":0},"end":{"line":1,"column":20}},"1":{"start":{"line":2,"column":0},"end":{"line":2,"column":24}},"2":{"start":{"line":39,"column":10},"end":{"line":39,"column":59}},"3":{"start":{"line":42,"column":4},"end":{"line":42,"column":29}},"4":{"start":{"line":43,"column":4},"end":{"line":43,"column":78}},"5":{"start":{"line":44,"column":4},"end":{"line":44,"column":24}},"6":{"start":{"line":51,"column":4},"end":{"line":70,"column":null}},"7":{"start":{"line":52,"column":6},"end":{"line":66,"column":null}},"8":{"start":{"line":53,"column":21},"end":{"line":53,"column":63}},"9":{"start":{"line":54,"column":23},"end":{"line":54,"column":39}},"10":{"start":{"line":56,"column":8},"end":{"line":65,"column":52}},"11":{"start":{"line":57,"column":31},"end":{"line":57,"column":59}},"12":{"start":{"line":58,"column":10},"end":{"line":58,"column":68}},"13":{"start":{"line":59,"column":10},"end":{"line":59,"column":68}},"14":{"start":{"line":60,"column":10},"end":{"line":62,"column":null}},"15":{"start":{"line":61,"column":12},"end":{"line":61,"column":72}},"16":{"start":{"line":63,"column":10},"end":{"line":63,"column":45}},"17":{"start":{"line":64,"column":10},"end":{"line":64,"column":21}},"18":{"start":{"line":68,"column":6},"end":{"line":68,"column":44}},"19":{"start":{"line":69,"column":6},"end":{"line":69,"column":25}},"20":{"start":{"line":77,"column":4},"end":{"line":84,"column":null}},"21":{"start":{"line":78,"column":6},"end":{"line":80,"column":null}},"22":{"start":{"line":79,"column":8},"end":{"line":79,"column":57}},"23":{"start":{"line":81,"column":6},"end":{"line":81,"column":82}},"24":{"start":{"line":83,"column":6},"end":{"line":83,"column":44}},"25":{"start":{"line":91,"column":4},"end":{"line":94,"column":6}},"26":{"start":{"line":95,"column":4},"end":{"line":95,"column":24}},"27":{"start":{"line":102,"column":4},"end":{"line":102,"column":41}},"28":{"start":{"line":109,"column":4},"end":{"line":109,"column":40}},"29":{"start":{"line":116,"column":4},"end":{"line":123,"column":null}},"30":{"start":{"line":117,"column":6},"end":{"line":121,"column":8}},"31":{"start":{"line":122,"column":6},"end":{"line":122,"column":26}},"32":{"start":{"line":130,"column":4},"end":{"line":133,"column":null}},"33":{"start":{"line":131,"column":6},"end":{"line":131,"column":35}},"34":{"start":{"line":132,"column":6},"end":{"line":132,"column":26}},"35":{"start":{"line":140,"column":20},"end":{"line":140,"column":41}},"36":{"start":{"line":141,"column":4},"end":{"line":141,"column":30}},"37":{"start":{"line":141,"column":18},"end":{"line":141,"column":30}},"38":{"start":{"line":144,"column":4},"end":{"line":144,"column":109}},"39":{"start":{"line":151,"column":4},"end":{"line":153,"column":38}},"40":{"start":{"line":152,"column":25},"end":{"line":152,"column":72}},"41":{"start":{"line":153,"column":22},"end":{"line":153,"column":36}},"42":{"start":{"line":161,"column":4},"end":{"line":187,"column":null}},"43":{"start":{"line":163,"column":6},"end":{"line":170,"column":8}},"44":{"start":{"line":173,"column":22},"end":{"line":173,"column":43}},"45":{"start":{"line":176,"column":6},"end":{"line":178,"column":null}},"46":{"start":{"line":177,"column":8},"end":{"line":177,"column":52}},"47":{"start":{"line":181,"column":6},"end":{"line":183,"column":null}},"48":{"start":{"line":182,"column":8},"end":{"line":182,"column":46}},"49":{"start":{"line":185,"column":6},"end":{"line":185,"column":37}},"50":{"start":{"line":186,"column":6},"end":{"line":186,"column":38}},"51":{"start":{"line":189,"column":4},"end":{"line":189,"column":24}},"52":{"start":{"line":196,"column":4},"end":{"line":196,"column":39}},"53":{"start":{"line":196,"column":32},"end":{"line":196,"column":39}},"54":{"start":{"line":198,"column":20},"end":{"line":198,"column":41}},"55":{"start":{"line":201,"column":4},"end":{"line":201,"column":93}},"56":{"start":{"line":201,"column":69},"end":{"line":201,"column":91}},"57":{"start":{"line":204,"column":4},"end":{"line":206,"column":null}},"58":{"start":{"line":205,"column":6},"end":{"line":205,"column":106}},"59":{"start":{"line":208,"column":4},"end":{"line":208,"column":35}},"60":{"start":{"line":210,"column":4},"end":{"line":210,"column":24}},"61":{"start":{"line":36,"column":0},"end":{"line":36,"column":13}}},"fnMap":{"0":{"name":"(anonymous_1)","decl":{"start":{"line":41,"column":2},"end":{"line":41,"column":14}},"loc":{"start":{"line":41,"column":72},"end":{"line":45,"column":3}}},"1":{"name":"(anonymous_2)","decl":{"start":{"line":50,"column":10},"end":{"line":50,"column":22}},"loc":{"start":{"line":50,"column":22},"end":{"line":71,"column":3}}},"2":{"name":"(anonymous_3)","decl":{"start":{"line":56,"column":54},"end":{"line":56,"column":55}},"loc":{"start":{"line":56,"column":81},"end":{"line":65,"column":9}}},"3":{"name":"(anonymous_4)","decl":{"start":{"line":76,"column":10},"end":{"line":76,"column":22}},"loc":{"start":{"line":76,"column":22},"end":{"line":85,"column":3}}},"4":{"name":"(anonymous_5)","decl":{"start":{"line":90,"column":2},"end":{"line":90,"column":7}},"loc":{"start":{"line":90,"column":52},"end":{"line":96,"column":3}}},"5":{"name":"(anonymous_6)","decl":{"start":{"line":101,"column":2},"end":{"line":101,"column":7}},"loc":{"start":{"line":101,"column":39},"end":{"line":103,"column":3}}},"6":{"name":"(anonymous_7)","decl":{"start":{"line":108,"column":2},"end":{"line":108,"column":7}},"loc":{"start":{"line":108,"column":28},"end":{"line":110,"column":3}}},"7":{"name":"(anonymous_8)","decl":{"start":{"line":115,"column":2},"end":{"line":115,"column":7}},"loc":{"start":{"line":115,"column":79},"end":{"line":124,"column":3}}},"8":{"name":"(anonymous_9)","decl":{"start":{"line":129,"column":2},"end":{"line":129,"column":7}},"loc":{"start":{"line":129,"column":42},"end":{"line":134,"column":3}}},"9":{"name":"(anonymous_10)","decl":{"start":{"line":139,"column":2},"end":{"line":139,"column":7}},"loc":{"start":{"line":139,"column":40},"end":{"line":145,"column":3}}},"10":{"name":"(anonymous_11)","decl":{"start":{"line":150,"column":2},"end":{"line":150,"column":7}},"loc":{"start":{"line":150,"column":48},"end":{"line":154,"column":3}}},"11":{"name":"(anonymous_12)","decl":{"start":{"line":152,"column":14},"end":{"line":152,"column":21}},"loc":{"start":{"line":152,"column":25},"end":{"line":152,"column":72}}},"12":{"name":"(anonymous_13)","decl":{"start":{"line":153,"column":11},"end":{"line":153,"column":18}},"loc":{"start":{"line":153,"column":22},"end":{"line":153,"column":36}}},"13":{"name":"(anonymous_14)","decl":{"start":{"line":159,"column":2},"end":{"line":159,"column":7}},"loc":{"start":{"line":159,"column":92},"end":{"line":190,"column":3}}},"14":{"name":"(anonymous_15)","decl":{"start":{"line":195,"column":2},"end":{"line":195,"column":7}},"loc":{"start":{"line":195,"column":68},"end":{"line":211,"column":3}}},"15":{"name":"(anonymous_16)","decl":{"start":{"line":201,"column":61},"end":{"line":201,"column":65}},"loc":{"start":{"line":201,"column":69},"end":{"line":201,"column":91}}}},"branchMap":{"0":{"loc":{"start":{"line":41,"column":14},"end":{"line":41,"column":72}},"type":"default-arg","locations":[{"start":{"line":41,"column":33},"end":{"line":41,"column":72}}]},"1":{"loc":{"start":{"line":52,"column":6},"end":{"line":66,"column":null}},"type":"if","locations":[{"start":{"line":52,"column":6},"end":{"line":66,"column":null}}]},"2":{"loc":{"start":{"line":60,"column":10},"end":{"line":62,"column":null}},"type":"if","locations":[{"start":{"line":60,"column":10},"end":{"line":62,"column":null}}]},"3":{"loc":{"start":{"line":78,"column":6},"end":{"line":80,"column":null}},"type":"if","locations":[{"start":{"line":78,"column":6},"end":{"line":80,"column":null}}]},"4":{"loc":{"start":{"line":102,"column":11},"end":{"line":102,"column":40}},"type":"binary-expr","locations":[{"start":{"line":102,"column":11},"end":{"line":102,"column":32}},{"start":{"line":102,"column":36},"end":{"line":102,"column":40}}]},"5":{"loc":{"start":{"line":116,"column":4},"end":{"line":123,"column":null}},"type":"if","locations":[{"start":{"line":116,"column":4},"end":{"line":123,"column":null}}]},"6":{"loc":{"start":{"line":130,"column":4},"end":{"line":133,"column":null}},"type":"if","locations":[{"start":{"line":130,"column":4},"end":{"line":133,"column":null}}]},"7":{"loc":{"start":{"line":141,"column":4},"end":{"line":141,"column":30}},"type":"if","locations":[{"start":{"line":141,"column":4},"end":{"line":141,"column":30}}]},"8":{"loc":{"start":{"line":144,"column":11},"end":{"line":144,"column":108}},"type":"binary-expr","locations":[{"start":{"line":144,"column":11},"end":{"line":144,"column":32}},{"start":{"line":144,"column":37},"end":{"line":144,"column":107}}]},"9":{"loc":{"start":{"line":144,"column":37},"end":{"line":144,"column":107}},"type":"cond-expr","locations":[{"start":{"line":144,"column":74},"end":{"line":144,"column":100}},{"start":{"line":144,"column":103},"end":{"line":144,"column":107}}]},"10":{"loc":{"start":{"line":159,"column":65},"end":{"line":159,"column":92}},"type":"default-arg","locations":[{"start":{"line":159,"column":87},"end":{"line":159,"column":92}}]},"11":{"loc":{"start":{"line":161,"column":4},"end":{"line":187,"column":null}},"type":"if","locations":[{"start":{"line":161,"column":4},"end":{"line":187,"column":null}},{"start":{"line":171,"column":11},"end":{"line":187,"column":null}}]},"12":{"loc":{"start":{"line":166,"column":23},"end":{"line":166,"column":61}},"type":"cond-expr","locations":[{"start":{"line":166,"column":36},"end":{"line":166,"column":49}},{"start":{"line":166,"column":52},"end":{"line":166,"column":61}}]},"13":{"loc":{"start":{"line":176,"column":6},"end":{"line":178,"column":null}},"type":"if","locations":[{"start":{"line":176,"column":6},"end":{"line":178,"column":null}}]},"14":{"loc":{"start":{"line":181,"column":6},"end":{"line":183,"column":null}},"type":"if","locations":[{"start":{"line":181,"column":6},"end":{"line":183,"column":null}}]},"15":{"loc":{"start":{"line":196,"column":4},"end":{"line":196,"column":39}},"type":"if","locations":[{"start":{"line":196,"column":4},"end":{"line":196,"column":39}}]},"16":{"loc":{"start":{"line":204,"column":4},"end":{"line":206,"column":null}},"type":"if","locations":[{"start":{"line":204,"column":4},"end":{"line":206,"column":null}}]},"17":{"loc":{"start":{"line":205,"column":30},"end":{"line":205,"column":105}},"type":"cond-expr","locations":[{"start":{"line":205,"column":67},"end":{"line":205,"column":93}},{"start":{"line":205,"column":96},"end":{"line":205,"column":105}}]}},"s":{"0":1,"1":1,"2":0,"3":0,"4":0,"5":0,"6":0,"7":0,"8":0,"9":0,"10":0,"11":0,"12":0,"13":0,"14":0,"15":0,"16":0,"17":0,"18":0,"19":0,"20":0,"21":0,"22":0,"23":0,"24":0,"25":0,"26":0,"27":0,"28":0,"29":0,"30":0,"31":0,"32":0,"33":0,"34":0,"35":0,"36":0,"37":0,"38":0,"39":0,"40":0,"41":0,"42":0,"43":0,"44":0,"45":0,"46":0,"47":0,"48":0,"49":0,"50":0,"51":0,"52":0,"53":0,"54":0,"55":0,"56":0,"57":0,"58":0,"59":0,"60":0,"61":1},"f":{"0":0,"1":0,"2":0,"3":0,"4":0,"5":0,"6":0,"7":0,"8":0,"9":0,"10":0,"11":0,"12":0,"13":0,"14":0,"15":0},"b":{"0":[0],"1":[0],"2":[0],"3":[0],"4":[0,0],"5":[0],"6":[0],"7":[0],"8":[0,0],"9":[0,0],"10":[0],"11":[0,0],"12":[0,0],"13":[0],"14":[0],"15":[0],"16":[0],"17":[0,0]}}
,"/Users/fengge/Documents/coding/MTR_TRADE_BOT/src/config.ts": {"path":"/Users/fengge/Documents/coding/MTR_TRADE_BOT/src/config.ts","statementMap":{"0":{"start":{"line":1,"column":0},"end":{"line":1,"column":23}},"1":{"start":{"line":3,"column":13},"end":{"line":3,"column":66}},"2":{"start":{"line":4,"column":13},"end":{"line":4,"column":84}},"3":{"start":{"line":54,"column":13},"end":{"line":54,"column":70}}},"fnMap":{},"branchMap":{"0":{"loc":{"start":{"line":54,"column":19},"end":{"line":54,"column":69}},"type":"binary-expr","locations":[{"start":{"line":54,"column":19},"end":{"line":54,"column":34}},{"start":{"line":54,"column":38},"end":{"line":54,"column":69}}]}},"s":{"0":2,"1":2,"2":2,"3":2},"f":{},"b":{"0":[2,0]}}
,"/Users/fengge/Documents/coding/MTR_TRADE_BOT/src/utils/positionMonitor.ts": {"path":"/Users/fengge/Documents/coding/MTR_TRADE_BOT/src/utils/positionMonitor.ts","statementMap":{"0":{"start":{"line":1,"column":0},"end":{"line":1,"column":36}},"1":{"start":{"line":2,"column":0},"end":{"line":2,"column":56}},"2":{"start":{"line":3,"column":0},"end":{"line":3,"column":32}},"3":{"start":{"line":4,"column":0},"end":{"line":4,"column":65}},"4":{"start":{"line":5,"column":0},"end":{"line":5,"column":65}},"5":{"start":{"line":6,"column":0},"end":{"line":6,"column":69}},"6":{"start":{"line":7,"column":0},"end":{"line":7,"column":23}},"7":{"start":{"line":8,"column":0},"end":{"line":8,"column":77}},"8":{"start":{"line":9,"column":0},"end":{"line":9,"column":70}},"9":{"start":{"line":16,"column":10},"end":{"line":16,"column":46}},"10":{"start":{"line":21,"column":4},"end":{"line":21,"column":55}},"11":{"start":{"line":22,"column":4},"end":{"line":22,"column":53}},"12":{"start":{"line":23,"column":4},"end":{"line":23,"column":63}},"13":{"start":{"line":24,"column":4},"end":{"line":24,"column":35}},"14":{"start":{"line":32,"column":4},"end":{"line":34,"column":null}},"15":{"start":{"line":33,"column":6},"end":{"line":33,"column":38}},"16":{"start":{"line":37,"column":4},"end":{"line":39,"column":null}},"17":{"start":{"line":38,"column":6},"end":{"line":38,"column":28}},"18":{"start":{"line":42,"column":4},"end":{"line":51,"column":7}},"19":{"start":{"line":46,"column":16},"end":{"line":46,"column":46}},"20":{"start":{"line":54,"column":4},"end":{"line":54,"column":26}},"21":{"start":{"line":56,"column":4},"end":{"line":59,"column":7}},"22":{"start":{"line":66,"column":4},"end":{"line":71,"column":null}},"23":{"start":{"line":67,"column":6},"end":{"line":67,"column":51}},"24":{"start":{"line":68,"column":6},"end":{"line":68,"column":37}},"25":{"start":{"line":70,"column":6},"end":{"line":70,"column":70}},"26":{"start":{"line":78,"column":4},"end":{"line":78,"column":36}},"27":{"start":{"line":80,"column":4},"end":{"line":87,"column":null}},"28":{"start":{"line":81,"column":6},"end":{"line":81,"column":65}},"29":{"start":{"line":83,"column":6},"end":{"line":86,"column":9}},"30":{"start":{"line":94,"column":4},"end":{"line":115,"column":null}},"31":{"start":{"line":96,"column":24},"end":{"line":96,"column":68}},"32":{"start":{"line":97,"column":30},"end":{"line":97,"column":87}},"33":{"start":{"line":97,"column":52},"end":{"line":97,"column":86}},"34":{"start":{"line":99,"column":6},"end":{"line":102,"column":9}},"35":{"start":{"line":105,"column":28},"end":{"line":105,"column":95}},"36":{"start":{"line":105,"column":60},"end":{"line":105,"column":94}},"37":{"start":{"line":106,"column":6},"end":{"line":106,"column":39}},"38":{"start":{"line":108,"column":6},"end":{"line":108,"column":72}},"39":{"start":{"line":110,"column":6},"end":{"line":110,"column":13}},"40":{"start":{"line":112,"column":23},"end":{"line":112,"column":77}},"41":{"start":{"line":113,"column":6},"end":{"line":113,"column":96}},"42":{"start":{"line":114,"column":6},"end":{"line":114,"column":18}},"43":{"start":{"line":122,"column":4},"end":{"line":138,"column":null}},"44":{"start":{"line":123,"column":6},"end":{"line":123,"column":96}},"45":{"start":{"line":125,"column":21},"end":{"line":125,"column":61}},"46":{"start":{"line":128,"column":6},"end":{"line":128,"column":54}},"47":{"start":{"line":131,"column":6},"end":{"line":131,"column":57}},"48":{"start":{"line":133,"column":6},"end":{"line":133,"column":13}},"49":{"start":{"line":135,"column":23},"end":{"line":135,"column":77}},"50":{"start":{"line":136,"column":6},"end":{"line":136,"column":104}},"51":{"start":{"line":137,"column":6},"end":{"line":137,"column":18}},"52":{"start":{"line":146,"column":21},"end":{"line":149,"column":null}},"53":{"start":{"line":153,"column":22},"end":{"line":153,"column":50}},"54":{"start":{"line":154,"column":24},"end":{"line":154,"column":39}},"55":{"start":{"line":155,"column":25},"end":{"line":155,"column":56}},"56":{"start":{"line":158,"column":23},"end":{"line":158,"column":95}},"57":{"start":{"line":160,"column":4},"end":{"line":261,"column":null}},"58":{"start":{"line":163,"column":25},"end":{"line":163,"column":59}},"59":{"start":{"line":164,"column":21},"end":{"line":164,"column":75}},"60":{"start":{"line":165,"column":28},"end":{"line":165,"column":54}},"61":{"start":{"line":168,"column":25},"end":{"line":168,"column":29}},"62":{"start":{"line":169,"column":23},"end":{"line":169,"column":27}},"63":{"start":{"line":170,"column":23},"end":{"line":170,"column":27}},"64":{"start":{"line":171,"column":17},"end":{"line":171,"column":21}},"65":{"start":{"line":174,"column":6},"end":{"line":203,"column":null}},"66":{"start":{"line":175,"column":8},"end":{"line":202,"column":null}},"67":{"start":{"line":176,"column":10},"end":{"line":201,"column":null}},"68":{"start":{"line":179,"column":12},"end":{"line":179,"column":31}},"69":{"start":{"line":182,"column":12},"end":{"line":182,"column":55}},"70":{"start":{"line":183,"column":12},"end":{"line":183,"column":55}},"71":{"start":{"line":186,"column":12},"end":{"line":191,"column":14}},"72":{"start":{"line":194,"column":12},"end":{"line":198,"column":15}},"73":{"start":{"line":200,"column":12},"end":{"line":200,"column":18}},"74":{"start":{"line":205,"column":6},"end":{"line":211,"column":null}},"75":{"start":{"line":206,"column":8},"end":{"line":210,"column":11}},"76":{"start":{"line":214,"column":23},"end":{"line":214,"column":79}},"77":{"start":{"line":215,"column":24},"end":{"line":219,"column":8}},"78":{"start":{"line":222,"column":32},"end":{"line":222,"column":77}},"79":{"start":{"line":223,"column":32},"end":{"line":223,"column":101}},"80":{"start":{"line":227,"column":8},"end":{"line":228,"column":71}},"81":{"start":{"line":230,"column":6},"end":{"line":251,"column":8}},"82":{"start":{"line":254,"column":6},"end":{"line":260,"column":8}},"83":{"start":{"line":269,"column":49},"end":{"line":274,"column":6}},"84":{"start":{"line":277,"column":4},"end":{"line":286,"column":null}},"85":{"start":{"line":278,"column":6},"end":{"line":285,"column":8}},"86":{"start":{"line":288,"column":4},"end":{"line":297,"column":7}},"87":{"start":{"line":300,"column":39},"end":{"line":315,"column":6}},"88":{"start":{"line":317,"column":4},"end":{"line":317,"column":68}},"89":{"start":{"line":325,"column":4},"end":{"line":328,"column":null}},"90":{"start":{"line":326,"column":6},"end":{"line":326,"column":98}},"91":{"start":{"line":327,"column":6},"end":{"line":327,"column":13}},"92":{"start":{"line":331,"column":23},"end":{"line":331,"column":42}},"93":{"start":{"line":332,"column":19},"end":{"line":332,"column":60}},"94":{"start":{"line":334,"column":4},"end":{"line":337,"column":null}},"95":{"start":{"line":335,"column":6},"end":{"line":335,"column":110}},"96":{"start":{"line":336,"column":6},"end":{"line":336,"column":13}},"97":{"start":{"line":339,"column":4},"end":{"line":484,"column":null}},"98":{"start":{"line":341,"column":20},"end":{"line":341,"column":62}},"99":{"start":{"line":342,"column":6},"end":{"line":342,"column":99}},"100":{"start":{"line":343,"column":6},"end":{"line":343,"column":142}},"101":{"start":{"line":346,"column":6},"end":{"line":348,"column":null}},"102":{"start":{"line":347,"column":8},"end":{"line":347,"column":123}},"103":{"start":{"line":351,"column":6},"end":{"line":353,"column":null}},"104":{"start":{"line":352,"column":8},"end":{"line":352,"column":127}},"105":{"start":{"line":355,"column":6},"end":{"line":355,"column":68}},"106":{"start":{"line":358,"column":6},"end":{"line":367,"column":null}},"107":{"start":{"line":359,"column":8},"end":{"line":359,"column":44}},"108":{"start":{"line":360,"column":8},"end":{"line":362,"column":null}},"109":{"start":{"line":361,"column":10},"end":{"line":361,"column":82}},"110":{"start":{"line":363,"column":8},"end":{"line":365,"column":null}},"111":{"start":{"line":364,"column":10},"end":{"line":364,"column":82}},"112":{"start":{"line":366,"column":8},"end":{"line":366,"column":24}},"113":{"start":{"line":370,"column":6},"end":{"line":385,"column":null}},"114":{"start":{"line":371,"column":8},"end":{"line":371,"column":31}},"115":{"start":{"line":372,"column":8},"end":{"line":374,"column":null}},"116":{"start":{"line":373,"column":10},"end":{"line":373,"column":108}},"117":{"start":{"line":375,"column":8},"end":{"line":377,"column":null}},"118":{"start":{"line":376,"column":10},"end":{"line":376,"column":108}},"119":{"start":{"line":378,"column":8},"end":{"line":380,"column":null}},"120":{"start":{"line":379,"column":10},"end":{"line":379,"column":119}},"121":{"start":{"line":381,"column":8},"end":{"line":383,"column":null}},"122":{"start":{"line":382,"column":10},"end":{"line":382,"column":119}},"123":{"start":{"line":384,"column":8},"end":{"line":384,"column":24}},"124":{"start":{"line":388,"column":6},"end":{"line":397,"column":null}},"125":{"start":{"line":389,"column":8},"end":{"line":389,"column":34}},"126":{"start":{"line":390,"column":8},"end":{"line":392,"column":null}},"127":{"start":{"line":391,"column":10},"end":{"line":391,"column":76}},"128":{"start":{"line":393,"column":8},"end":{"line":395,"column":null}},"129":{"start":{"line":394,"column":10},"end":{"line":394,"column":76}},"130":{"start":{"line":396,"column":8},"end":{"line":396,"column":24}},"131":{"start":{"line":400,"column":6},"end":{"line":403,"column":null}},"132":{"start":{"line":401,"column":31},"end":{"line":401,"column":79}},"133":{"start":{"line":402,"column":8},"end":{"line":402,"column":76}},"134":{"start":{"line":406,"column":25},"end":{"line":406,"column":30}},"135":{"start":{"line":411,"column":6},"end":{"line":414,"column":null}},"136":{"start":{"line":412,"column":8},"end":{"line":412,"column":65}},"137":{"start":{"line":413,"column":8},"end":{"line":413,"column":28}},"138":{"start":{"line":417,"column":6},"end":{"line":420,"column":null}},"139":{"start":{"line":418,"column":8},"end":{"line":418,"column":68}},"140":{"start":{"line":419,"column":8},"end":{"line":419,"column":28}},"141":{"start":{"line":423,"column":32},"end":{"line":423,"column":63}},"142":{"start":{"line":424,"column":6},"end":{"line":431,"column":null}},"143":{"start":{"line":425,"column":8},"end":{"line":429,"column":null}},"144":{"start":{"line":426,"column":10},"end":{"line":426,"column":56}},"145":{"start":{"line":428,"column":10},"end":{"line":428,"column":61}},"146":{"start":{"line":430,"column":8},"end":{"line":430,"column":28}},"147":{"start":{"line":434,"column":6},"end":{"line":467,"column":null}},"148":{"start":{"line":435,"column":27},"end":{"line":435,"column":53}},"149":{"start":{"line":436,"column":22},"end":{"line":436,"column":24}},"150":{"start":{"line":439,"column":8},"end":{"line":441,"column":null}},"151":{"start":{"line":440,"column":10},"end":{"line":440,"column":36}},"152":{"start":{"line":444,"column":8},"end":{"line":453,"column":null}},"153":{"start":{"line":445,"column":10},"end":{"line":448,"column":null}},"154":{"start":{"line":447,"column":12},"end":{"line":447,"column":41}},"155":{"start":{"line":449,"column":10},"end":{"line":452,"column":null}},"156":{"start":{"line":451,"column":12},"end":{"line":451,"column":41}},"157":{"start":{"line":456,"column":8},"end":{"line":461,"column":null}},"158":{"start":{"line":457,"column":10},"end":{"line":460,"column":null}},"159":{"start":{"line":459,"column":12},"end":{"line":459,"column":36}},"160":{"start":{"line":463,"column":8},"end":{"line":466,"column":null}},"161":{"start":{"line":464,"column":10},"end":{"line":464,"column":30}},"162":{"start":{"line":465,"column":10},"end":{"line":465,"column":81}},"163":{"start":{"line":470,"column":6},"end":{"line":481,"column":null}},"164":{"start":{"line":471,"column":8},"end":{"line":478,"column":11}},"165":{"start":{"line":480,"column":8},"end":{"line":480,"column":110}},"166":{"start":{"line":483,"column":6},"end":{"line":483,"column":129}},"167":{"start":{"line":492,"column":4},"end":{"line":512,"column":null}},"168":{"start":{"line":494,"column":22},"end":{"line":494,"column":80}},"169":{"start":{"line":495,"column":6},"end":{"line":497,"column":null}},"170":{"start":{"line":496,"column":8},"end":{"line":496,"column":26}},"171":{"start":{"line":500,"column":24},"end":{"line":500,"column":77}},"172":{"start":{"line":501,"column":6},"end":{"line":503,"column":null}},"173":{"start":{"line":502,"column":8},"end":{"line":502,"column":35}},"174":{"start":{"line":506,"column":6},"end":{"line":506,"column":81}},"175":{"start":{"line":507,"column":6},"end":{"line":507,"column":18}},"176":{"start":{"line":509,"column":23},"end":{"line":509,"column":77}},"177":{"start":{"line":510,"column":6},"end":{"line":510,"column":107}},"178":{"start":{"line":511,"column":6},"end":{"line":511,"column":18}},"179":{"start":{"line":12,"column":0},"end":{"line":12,"column":13}},"180":{"start":{"line":517,"column":13},"end":{"line":517,"column":53}},"181":{"start":{"line":518,"column":0},"end":{"line":518,"column":31}}},"fnMap":{"0":{"name":"(anonymous_7)","decl":{"start":{"line":20,"column":2},"end":{"line":20,"column":14}},"loc":{"start":{"line":20,"column":31},"end":{"line":25,"column":3}}},"1":{"name":"(anonymous_8)","decl":{"start":{"line":30,"column":9},"end":{"line":30,"column":24}},"loc":{"start":{"line":30,"column":42},"end":{"line":60,"column":3}}},"2":{"name":"(anonymous_9)","decl":{"start":{"line":46,"column":10},"end":{"line":46,"column":13}},"loc":{"start":{"line":46,"column":16},"end":{"line":46,"column":46}}},"3":{"name":"(anonymous_10)","decl":{"start":{"line":65,"column":9},"end":{"line":65,"column":23}},"loc":{"start":{"line":65,"column":23},"end":{"line":72,"column":3}}},"4":{"name":"(anonymous_11)","decl":{"start":{"line":77,"column":9},"end":{"line":77,"column":30}},"loc":{"start":{"line":77,"column":47},"end":{"line":88,"column":3}}},"5":{"name":"(anonymous_12)","decl":{"start":{"line":93,"column":9},"end":{"line":93,"column":14}},"loc":{"start":{"line":93,"column":38},"end":{"line":116,"column":3}}},"6":{"name":"(anonymous_13)","decl":{"start":{"line":97,"column":47},"end":{"line":97,"column":48}},"loc":{"start":{"line":97,"column":52},"end":{"line":97,"column":86}}},"7":{"name":"(anonymous_14)","decl":{"start":{"line":105,"column":48},"end":{"line":105,"column":56}},"loc":{"start":{"line":105,"column":60},"end":{"line":105,"column":94}}},"8":{"name":"(anonymous_15)","decl":{"start":{"line":121,"column":9},"end":{"line":121,"column":14}},"loc":{"start":{"line":121,"column":53},"end":{"line":139,"column":3}}},"9":{"name":"(anonymous_16)","decl":{"start":{"line":144,"column":10},"end":{"line":144,"column":15}},"loc":{"start":{"line":144,"column":54},"end":{"line":262,"column":3}}},"10":{"name":"(anonymous_17)","decl":{"start":{"line":267,"column":10},"end":{"line":267,"column":15}},"loc":{"start":{"line":267,"column":66},"end":{"line":318,"column":3}}},"11":{"name":"(anonymous_18)","decl":{"start":{"line":323,"column":10},"end":{"line":323,"column":15}},"loc":{"start":{"line":323,"column":69},"end":{"line":485,"column":3}}},"12":{"name":"(anonymous_19)","decl":{"start":{"line":491,"column":10},"end":{"line":491,"column":15}},"loc":{"start":{"line":491,"column":49},"end":{"line":513,"column":3}}}},"branchMap":{"0":{"loc":{"start":{"line":32,"column":4},"end":{"line":34,"column":null}},"type":"if","locations":[{"start":{"line":32,"column":4},"end":{"line":34,"column":null}}]},"1":{"loc":{"start":{"line":37,"column":4},"end":{"line":39,"column":null}},"type":"if","locations":[{"start":{"line":37,"column":4},"end":{"line":39,"column":null}}]},"2":{"loc":{"start":{"line":66,"column":4},"end":{"line":71,"column":null}},"type":"if","locations":[{"start":{"line":66,"column":4},"end":{"line":71,"column":null}}]},"3":{"loc":{"start":{"line":80,"column":4},"end":{"line":87,"column":null}},"type":"if","locations":[{"start":{"line":80,"column":4},"end":{"line":87,"column":null}}]},"4":{"loc":{"start":{"line":112,"column":23},"end":{"line":112,"column":77}},"type":"cond-expr","locations":[{"start":{"line":112,"column":48},"end":{"line":112,"column":61}},{"start":{"line":112,"column":64},"end":{"line":112,"column":77}}]},"5":{"loc":{"start":{"line":135,"column":23},"end":{"line":135,"column":77}},"type":"cond-expr","locations":[{"start":{"line":135,"column":48},"end":{"line":135,"column":61}},{"start":{"line":135,"column":64},"end":{"line":135,"column":77}}]},"6":{"loc":{"start":{"line":158,"column":23},"end":{"line":158,"column":95}},"type":"binary-expr","locations":[{"start":{"line":158,"column":23},"end":{"line":158,"column":57}},{"start":{"line":158,"column":61},"end":{"line":158,"column":95}}]},"7":{"loc":{"start":{"line":165,"column":28},"end":{"line":165,"column":54}},"type":"binary-expr","locations":[{"start":{"line":165,"column":28},"end":{"line":165,"column":48}},{"start":{"line":165,"column":52},"end":{"line":165,"column":54}}]},"8":{"loc":{"start":{"line":174,"column":6},"end":{"line":203,"column":null}},"type":"if","locations":[{"start":{"line":174,"column":6},"end":{"line":203,"column":null}}]},"9":{"loc":{"start":{"line":174,"column":10},"end":{"line":174,"column":51}},"type":"binary-expr","locations":[{"start":{"line":174,"column":10},"end":{"line":174,"column":23}},{"start":{"line":174,"column":27},"end":{"line":174,"column":51}}]},"10":{"loc":{"start":{"line":176,"column":10},"end":{"line":201,"column":null}},"type":"if","locations":[{"start":{"line":176,"column":10},"end":{"line":201,"column":null}}]},"11":{"loc":{"start":{"line":176,"column":14},"end":{"line":178,"column":65}},"type":"binary-expr","locations":[{"start":{"line":176,"column":14},"end":{"line":176,"column":30}},{"start":{"line":177,"column":14},"end":{"line":177,"column":65}},{"start":{"line":178,"column":14},"end":{"line":178,"column":65}}]},"12":{"loc":{"start":{"line":205,"column":6},"end":{"line":211,"column":null}},"type":"if","locations":[{"start":{"line":205,"column":6},"end":{"line":211,"column":null}}]},"13":{"loc":{"start":{"line":222,"column":32},"end":{"line":222,"column":77}},"type":"binary-expr","locations":[{"start":{"line":222,"column":32},"end":{"line":222,"column":72}},{"start":{"line":222,"column":76},"end":{"line":222,"column":77}}]},"14":{"loc":{"start":{"line":223,"column":32},"end":{"line":223,"column":101}},"type":"binary-expr","locations":[{"start":{"line":223,"column":32},"end":{"line":223,"column":96}},{"start":{"line":223,"column":100},"end":{"line":223,"column":101}}]},"15":{"loc":{"start":{"line":227,"column":8},"end":{"line":228,"column":71}},"type":"binary-expr","locations":[{"start":{"line":227,"column":8},"end":{"line":227,"column":71}},{"start":{"line":228,"column":8},"end":{"line":228,"column":71}}]},"16":{"loc":{"start":{"line":235,"column":19},"end":{"line":235,"column":68}},"type":"cond-expr","locations":[{"start":{"line":235,"column":47},"end":{"line":235,"column":61}},{"start":{"line":235,"column":64},"end":{"line":235,"column":68}}]},"17":{"loc":{"start":{"line":247,"column":17},"end":{"line":250,"column":16}},"type":"cond-expr","locations":[{"start":{"line":247,"column":46},"end":{"line":250,"column":10}},{"start":{"line":250,"column":12},"end":{"line":250,"column":16}}]},"18":{"loc":{"start":{"line":277,"column":4},"end":{"line":286,"column":null}},"type":"if","locations":[{"start":{"line":277,"column":4},"end":{"line":286,"column":null}}]},"19":{"loc":{"start":{"line":283,"column":23},"end":{"line":283,"column":84}},"type":"cond-expr","locations":[{"start":{"line":283,"column":46},"end":{"line":283,"column":77}},{"start":{"line":283,"column":80},"end":{"line":283,"column":84}}]},"20":{"loc":{"start":{"line":294,"column":18},"end":{"line":294,"column":75}},"type":"cond-expr","locations":[{"start":{"line":294,"column":38},"end":{"line":294,"column":63}},{"start":{"line":294,"column":66},"end":{"line":294,"column":75}}]},"21":{"loc":{"start":{"line":295,"column":18},"end":{"line":295,"column":75}},"type":"cond-expr","locations":[{"start":{"line":295,"column":38},"end":{"line":295,"column":63}},{"start":{"line":295,"column":66},"end":{"line":295,"column":75}}]},"22":{"loc":{"start":{"line":313,"column":23},"end":{"line":313,"column":84}},"type":"cond-expr","locations":[{"start":{"line":313,"column":46},"end":{"line":313,"column":77}},{"start":{"line":313,"column":80},"end":{"line":313,"column":84}}]},"23":{"loc":{"start":{"line":325,"column":4},"end":{"line":328,"column":null}},"type":"if","locations":[{"start":{"line":325,"column":4},"end":{"line":328,"column":null}}]},"24":{"loc":{"start":{"line":334,"column":4},"end":{"line":337,"column":null}},"type":"if","locations":[{"start":{"line":334,"column":4},"end":{"line":337,"column":null}}]},"25":{"loc":{"start":{"line":346,"column":6},"end":{"line":348,"column":null}},"type":"if","locations":[{"start":{"line":346,"column":6},"end":{"line":348,"column":null}}]},"26":{"loc":{"start":{"line":346,"column":10},"end":{"line":346,"column":62}},"type":"binary-expr","locations":[{"start":{"line":346,"column":10},"end":{"line":346,"column":34}},{"start":{"line":346,"column":38},"end":{"line":346,"column":62}}]},"27":{"loc":{"start":{"line":351,"column":6},"end":{"line":353,"column":null}},"type":"if","locations":[{"start":{"line":351,"column":6},"end":{"line":353,"column":null}}]},"28":{"loc":{"start":{"line":351,"column":10},"end":{"line":351,"column":62}},"type":"binary-expr","locations":[{"start":{"line":351,"column":10},"end":{"line":351,"column":34}},{"start":{"line":351,"column":38},"end":{"line":351,"column":62}}]},"29":{"loc":{"start":{"line":355,"column":32},"end":{"line":355,"column":61}},"type":"cond-expr","locations":[{"start":{"line":355,"column":52},"end":{"line":355,"column":55}},{"start":{"line":355,"column":58},"end":{"line":355,"column":61}}]},"30":{"loc":{"start":{"line":358,"column":6},"end":{"line":367,"column":null}},"type":"if","locations":[{"start":{"line":358,"column":6},"end":{"line":367,"column":null}}]},"31":{"loc":{"start":{"line":358,"column":10},"end":{"line":358,"column":48}},"type":"binary-expr","locations":[{"start":{"line":358,"column":10},"end":{"line":358,"column":27}},{"start":{"line":358,"column":31},"end":{"line":358,"column":48}}]},"32":{"loc":{"start":{"line":360,"column":8},"end":{"line":362,"column":null}},"type":"if","locations":[{"start":{"line":360,"column":8},"end":{"line":362,"column":null}}]},"33":{"loc":{"start":{"line":363,"column":8},"end":{"line":365,"column":null}},"type":"if","locations":[{"start":{"line":363,"column":8},"end":{"line":365,"column":null}}]},"34":{"loc":{"start":{"line":370,"column":6},"end":{"line":385,"column":null}},"type":"if","locations":[{"start":{"line":370,"column":6},"end":{"line":385,"column":null}}]},"35":{"loc":{"start":{"line":372,"column":8},"end":{"line":374,"column":null}},"type":"if","locations":[{"start":{"line":372,"column":8},"end":{"line":374,"column":null}}]},"36":{"loc":{"start":{"line":375,"column":8},"end":{"line":377,"column":null}},"type":"if","locations":[{"start":{"line":375,"column":8},"end":{"line":377,"column":null}}]},"37":{"loc":{"start":{"line":378,"column":8},"end":{"line":380,"column":null}},"type":"if","locations":[{"start":{"line":378,"column":8},"end":{"line":380,"column":null}}]},"38":{"loc":{"start":{"line":381,"column":8},"end":{"line":383,"column":null}},"type":"if","locations":[{"start":{"line":381,"column":8},"end":{"line":383,"column":null}}]},"39":{"loc":{"start":{"line":388,"column":6},"end":{"line":397,"column":null}},"type":"if","locations":[{"start":{"line":388,"column":6},"end":{"line":397,"column":null}}]},"40":{"loc":{"start":{"line":390,"column":8},"end":{"line":392,"column":null}},"type":"if","locations":[{"start":{"line":390,"column":8},"end":{"line":392,"column":null}}]},"41":{"loc":{"start":{"line":393,"column":8},"end":{"line":395,"column":null}},"type":"if","locations":[{"start":{"line":393,"column":8},"end":{"line":395,"column":null}}]},"42":{"loc":{"start":{"line":400,"column":6},"end":{"line":403,"column":null}},"type":"if","locations":[{"start":{"line":400,"column":6},"end":{"line":403,"column":null}}]},"43":{"loc":{"start":{"line":411,"column":6},"end":{"line":414,"column":null}},"type":"if","locations":[{"start":{"line":411,"column":6},"end":{"line":414,"column":null}}]},"44":{"loc":{"start":{"line":417,"column":6},"end":{"line":420,"column":null}},"type":"if","locations":[{"start":{"line":417,"column":6},"end":{"line":420,"column":null}}]},"45":{"loc":{"start":{"line":424,"column":6},"end":{"line":431,"column":null}},"type":"if","locations":[{"start":{"line":424,"column":6},"end":{"line":431,"column":null}}]},"46":{"loc":{"start":{"line":424,"column":10},"end":{"line":424,"column":84}},"type":"binary-expr","locations":[{"start":{"line":424,"column":10},"end":{"line":424,"column":41}},{"start":{"line":424,"column":45},"end":{"line":424,"column":84}}]},"47":{"loc":{"start":{"line":425,"column":8},"end":{"line":429,"column":null}},"type":"if","locations":[{"start":{"line":425,"column":8},"end":{"line":429,"column":null}},{"start":{"line":427,"column":15},"end":{"line":429,"column":null}}]},"48":{"loc":{"start":{"line":434,"column":6},"end":{"line":467,"column":null}},"type":"if","locations":[{"start":{"line":434,"column":6},"end":{"line":467,"column":null}}]},"49":{"loc":{"start":{"line":434,"column":10},"end":{"line":434,"column":55}},"type":"binary-expr","locations":[{"start":{"line":434,"column":10},"end":{"line":434,"column":32}},{"start":{"line":434,"column":36},"end":{"line":434,"column":55}}]},"50":{"loc":{"start":{"line":439,"column":8},"end":{"line":441,"column":null}},"type":"if","locations":[{"start":{"line":439,"column":8},"end":{"line":441,"column":null}}]},"51":{"loc":{"start":{"line":439,"column":12},"end":{"line":439,"column":102}},"type":"binary-expr","locations":[{"start":{"line":439,"column":12},"end":{"line":439,"column":55}},{"start":{"line":439,"column":59},"end":{"line":439,"column":102}}]},"52":{"loc":{"start":{"line":444,"column":8},"end":{"line":453,"column":null}},"type":"if","locations":[{"start":{"line":444,"column":8},"end":{"line":453,"column":null}}]},"53":{"loc":{"start":{"line":444,"column":12},"end":{"line":444,"column":42}},"type":"binary-expr","locations":[{"start":{"line":444,"column":12},"end":{"line":444,"column":23}},{"start":{"line":444,"column":27},"end":{"line":444,"column":42}}]},"54":{"loc":{"start":{"line":445,"column":10},"end":{"line":448,"column":null}},"type":"if","locations":[{"start":{"line":445,"column":10},"end":{"line":448,"column":null}}]},"55":{"loc":{"start":{"line":445,"column":14},"end":{"line":446,"column":71}},"type":"binary-expr","locations":[{"start":{"line":445,"column":14},"end":{"line":445,"column":71}},{"start":{"line":446,"column":14},"end":{"line":446,"column":71}}]},"56":{"loc":{"start":{"line":449,"column":10},"end":{"line":452,"column":null}},"type":"if","locations":[{"start":{"line":449,"column":10},"end":{"line":452,"column":null}}]},"57":{"loc":{"start":{"line":449,"column":14},"end":{"line":450,"column":81}},"type":"binary-expr","locations":[{"start":{"line":449,"column":14},"end":{"line":449,"column":81}},{"start":{"line":450,"column":14},"end":{"line":450,"column":81}}]},"58":{"loc":{"start":{"line":456,"column":8},"end":{"line":461,"column":null}},"type":"if","locations":[{"start":{"line":456,"column":8},"end":{"line":461,"column":null}}]},"59":{"loc":{"start":{"line":456,"column":12},"end":{"line":456,"column":48}},"type":"binary-expr","locations":[{"start":{"line":456,"column":12},"end":{"line":456,"column":26}},{"start":{"line":456,"column":30},"end":{"line":456,"column":48}}]},"60":{"loc":{"start":{"line":457,"column":10},"end":{"line":460,"column":null}},"type":"if","locations":[{"start":{"line":457,"column":10},"end":{"line":460,"column":null}}]},"61":{"loc":{"start":{"line":457,"column":14},"end":{"line":458,"column":71}},"type":"binary-expr","locations":[{"start":{"line":457,"column":14},"end":{"line":457,"column":71}},{"start":{"line":458,"column":14},"end":{"line":458,"column":71}}]},"62":{"loc":{"start":{"line":463,"column":8},"end":{"line":466,"column":null}},"type":"if","locations":[{"start":{"line":463,"column":8},"end":{"line":466,"column":null}}]},"63":{"loc":{"start":{"line":470,"column":6},"end":{"line":481,"column":null}},"type":"if","locations":[{"start":{"line":470,"column":6},"end":{"line":481,"column":null}}]},"64":{"loc":{"start":{"line":483,"column":71},"end":{"line":483,"column":125}},"type":"cond-expr","locations":[{"start":{"line":483,"column":96},"end":{"line":483,"column":109}},{"start":{"line":483,"column":112},"end":{"line":483,"column":125}}]},"65":{"loc":{"start":{"line":495,"column":6},"end":{"line":497,"column":null}},"type":"if","locations":[{"start":{"line":495,"column":6},"end":{"line":497,"column":null}}]},"66":{"loc":{"start":{"line":495,"column":10},"end":{"line":495,"column":39}},"type":"binary-expr","locations":[{"start":{"line":495,"column":10},"end":{"line":495,"column":17}},{"start":{"line":495,"column":21},"end":{"line":495,"column":39}}]},"67":{"loc":{"start":{"line":501,"column":6},"end":{"line":503,"column":null}},"type":"if","locations":[{"start":{"line":501,"column":6},"end":{"line":503,"column":null}}]},"68":{"loc":{"start":{"line":501,"column":10},"end":{"line":501,"column":66}},"type":"binary-expr","locations":[{"start":{"line":501,"column":10},"end":{"line":501,"column":19}},{"start":{"line":501,"column":23},"end":{"line":501,"column":43}},{"start":{"line":501,"column":47},"end":{"line":501,"column":66}}]},"69":{"loc":{"start":{"line":509,"column":23},"end":{"line":509,"column":77}},"type":"cond-expr","locations":[{"start":{"line":509,"column":48},"end":{"line":509,"column":61}},{"start":{"line":509,"column":64},"end":{"line":509,"column":77}}]}},"s":{"0":1,"1":1,"2":1,"3":1,"4":1,"5":1,"6":1,"7":1,"8":1,"9":6,"10":6,"11":6,"12":6,"13":6,"14":3,"15":1,"16":3,"17":0,"18":3,"19":0,"20":3,"21":3,"22":1,"23":1,"24":1,"25":1,"26":0,"27":0,"28":0,"29":0,"30":2,"31":2,"32":1,"33":3,"34":1,"35":1,"36":2,"37":1,"38":1,"39":1,"40":1,"41":1,"42":1,"43":0,"44":0,"45":0,"46":0,"47":0,"48":0,"49":0,"50":0,"51":0,"52":0,"53":0,"54":0,"55":0,"56":0,"57":0,"58":0,"59":0,"60":0,"61":0,"62":0,"63":0,"64":0,"65":0,"66":0,"67":0,"68":0,"69":0,"70":0,"71":0,"72":0,"73":0,"74":0,"75":0,"76":0,"77":0,"78":0,"79":0,"80":0,"81":0,"82":0,"83":0,"84":0,"85":0,"86":0,"87":0,"88":0,"89":0,"90":0,"91":0,"92":0,"93":0,"94":0,"95":0,"96":0,"97":0,"98":0,"99":0,"100":0,"101":0,"102":0,"103":0,"104":0,"105":0,"106":0,"107":0,"108":0,"109":0,"110":0,"111":0,"112":0,"113":0,"114":0,"115":0,"116":0,"117":0,"118":0,"119":0,"120":0,"121":0,"122":0,"123":0,"124":0,"125":0,"126":0,"127":0,"128":0,"129":0,"130":0,"131":0,"132":0,"133":0,"134":0,"135":0,"136":0,"137":0,"138":0,"139":0,"140":0,"141":0,"142":0,"143":0,"144":0,"145":0,"146":0,"147":0,"148":0,"149":0,"150":0,"151":0,"152":0,"153":0,"154":0,"155":0,"156":0,"157":0,"158":0,"159":0,"160":0,"161":0,"162":0,"163":0,"164":0,"165":0,"166":0,"167":0,"168":0,"169":0,"170":0,"171":0,"172":0,"173":0,"174":0,"175":0,"176":0,"177":0,"178":0,"179":1,"180":1,"181":1},"f":{"0":6,"1":3,"2":0,"3":1,"4":0,"5":2,"6":3,"7":2,"8":0,"9":0,"10":0,"11":0,"12":0},"b":{"0":[1],"1":[0],"2":[1],"3":[0],"4":[1,0],"5":[0,0],"6":[0,0],"7":[0,0],"8":[0],"9":[0,0],"10":[0],"11":[0,0,0],"12":[0],"13":[0,0],"14":[0,0],"15":[0,0],"16":[0,0],"17":[0,0],"18":[0],"19":[0,0],"20":[0,0],"21":[0,0],"22":[0,0],"23":[0],"24":[0],"25":[0],"26":[0,0],"27":[0],"28":[0,0],"29":[0,0],"30":[0],"31":[0,0],"32":[0],"33":[0],"34":[0],"35":[0],"36":[0],"37":[0],"38":[0],"39":[0],"40":[0],"41":[0],"42":[0],"43":[0],"44":[0],"45":[0],"46":[0,0],"47":[0,0],"48":[0],"49":[0,0],"50":[0],"51":[0,0],"52":[0],"53":[0,0],"54":[0],"55":[0,0],"56":[0],"57":[0,0],"58":[0],"59":[0,0],"60":[0],"61":[0,0],"62":[0],"63":[0],"64":[0,0],"65":[0],"66":[0,0],"67":[0],"68":[0,0,0],"69":[0,0]}}
,"/Users/fengge/Documents/coding/MTR_TRADE_BOT/src/utils/scheduler.ts": {"path":"/Users/fengge/Documents/coding/MTR_TRADE_BOT/src/utils/scheduler.ts","statementMap":{"0":{"start":{"line":1,"column":0},"end":{"line":1,"column":20}},"1":{"start":{"line":2,"column":0},"end":{"line":2,"column":24}},"2":{"start":{"line":3,"column":0},"end":{"line":3,"column":38}},"3":{"start":{"line":4,"column":0},"end":{"line":4,"column":45}},"4":{"start":{"line":5,"column":0},"end":{"line":5,"column":32}},"5":{"start":{"line":24,"column":0},"end":{"line":24,"column":null}},"6":{"start":{"line":25,"column":2},"end":{"line":25,"column":null}},"7":{"start":{"line":26,"column":2},"end":{"line":26,"column":null}},"8":{"start":{"line":27,"column":2},"end":{"line":27,"column":null}},"9":{"start":{"line":28,"column":2},"end":{"line":28,"column":null}},"10":{"start":{"line":54,"column":4},"end":{"line":54,"column":12}},"11":{"start":{"line":43,"column":10},"end":{"line":43,"column":56}},"12":{"start":{"line":44,"column":10},"end":{"line":44,"column":35}},"13":{"start":{"line":45,"column":10},"end":{"line":45,"column":38}},"14":{"start":{"line":57,"column":4},"end":{"line":59,"column":null}},"15":{"start":{"line":58,"column":6},"end":{"line":58,"column":48}},"16":{"start":{"line":61,"column":4},"end":{"line":61,"column":96}},"17":{"start":{"line":62,"column":4},"end":{"line":62,"column":61}},"18":{"start":{"line":63,"column":4},"end":{"line":63,"column":55}},"19":{"start":{"line":66,"column":4},"end":{"line":66,"column":21}},"20":{"start":{"line":73,"column":15},"end":{"line":73,"column":71}},"21":{"start":{"line":74,"column":35},"end":{"line":79,"column":6}},"22":{"start":{"line":81,"column":4},"end":{"line":81,"column":32}},"23":{"start":{"line":82,"column":4},"end":{"line":82,"column":102}},"24":{"start":{"line":83,"column":4},"end":{"line":83,"column":21}},"25":{"start":{"line":85,"column":4},"end":{"line":85,"column":14}},"26":{"start":{"line":92,"column":4},"end":{"line":92,"column":29}},"27":{"start":{"line":92,"column":22},"end":{"line":92,"column":29}},"28":{"start":{"line":94,"column":4},"end":{"line":94,"column":54}},"29":{"start":{"line":95,"column":4},"end":{"line":95,"column":24}},"30":{"start":{"line":96,"column":4},"end":{"line":96,"column":16}},"31":{"start":{"line":103,"column":4},"end":{"line":103,"column":54}},"32":{"start":{"line":104,"column":4},"end":{"line":104,"column":25}},"33":{"start":{"line":111,"column":17},"end":{"line":111,"column":35}},"34":{"start":{"line":112,"column":4},"end":{"line":112,"column":28}},"35":{"start":{"line":112,"column":15},"end":{"line":112,"column":28}},"36":{"start":{"line":115,"column":4},"end":{"line":115,"column":33}},"37":{"start":{"line":118,"column":4},"end":{"line":120,"column":null}},"38":{"start":{"line":119,"column":6},"end":{"line":119,"column":81}},"39":{"start":{"line":122,"column":4},"end":{"line":122,"column":83}},"40":{"start":{"line":123,"column":4},"end":{"line":123,"column":21}},"41":{"start":{"line":125,"column":4},"end":{"line":125,"column":16}},"42":{"start":{"line":132,"column":19},"end":{"line":132,"column":40}},"43":{"start":{"line":133,"column":4},"end":{"line":136,"column":null}},"44":{"start":{"line":134,"column":6},"end":{"line":134,"column":62}},"45":{"start":{"line":135,"column":6},"end":{"line":135,"column":23}},"46":{"start":{"line":137,"column":4},"end":{"line":137,"column":18}},"47":{"start":{"line":144,"column":4},"end":{"line":144,"column":43}},"48":{"start":{"line":151,"column":4},"end":{"line":151,"column":30}},"49":{"start":{"line":158,"column":17},"end":{"line":158,"column":35}},"50":{"start":{"line":159,"column":4},"end":{"line":161,"column":null}},"51":{"start":{"line":160,"column":6},"end":{"line":160,"column":47}},"52":{"start":{"line":163,"column":4},"end":{"line":163,"column":34}},"53":{"start":{"line":170,"column":31},"end":{"line":175,"column":6}},"54":{"start":{"line":178,"column":22},"end":{"line":178,"column":54}},"55":{"start":{"line":179,"column":4},"end":{"line":179,"column":56}},"56":{"start":{"line":181,"column":4},"end":{"line":183,"column":null}},"57":{"start":{"line":182,"column":6},"end":{"line":182,"column":53}},"58":{"start":{"line":186,"column":20},"end":{"line":186,"column":104}},"59":{"start":{"line":187,"column":4},"end":{"line":187,"column":45}},"60":{"start":{"line":190,"column":4},"end":{"line":190,"column":31}},"61":{"start":{"line":197,"column":4},"end":{"line":197,"column":30}},"62":{"start":{"line":197,"column":23},"end":{"line":197,"column":30}},"63":{"start":{"line":199,"column":16},"end":{"line":199,"column":26}},"64":{"start":{"line":202,"column":4},"end":{"line":231,"column":7}},"65":{"start":{"line":203,"column":6},"end":{"line":203,"column":32}},"66":{"start":{"line":203,"column":25},"end":{"line":203,"column":32}},"67":{"start":{"line":206,"column":6},"end":{"line":219,"column":null}},"68":{"start":{"line":207,"column":28},"end":{"line":207,"column":93}},"69":{"start":{"line":208,"column":8},"end":{"line":218,"column":null}},"70":{"start":{"line":209,"column":10},"end":{"line":213,"column":13}},"71":{"start":{"line":216,"column":10},"end":{"line":216,"column":37}},"72":{"start":{"line":217,"column":10},"end":{"line":217,"column":69}},"73":{"start":{"line":222,"column":6},"end":{"line":230,"column":null}},"74":{"start":{"line":223,"column":8},"end":{"line":229,"column":11}},"75":{"start":{"line":224,"column":10},"end":{"line":228,"column":13}},"76":{"start":{"line":234,"column":4},"end":{"line":234,"column":53}},"77":{"start":{"line":234,"column":21},"end":{"line":234,"column":32}},"78":{"start":{"line":241,"column":16},"end":{"line":241,"column":26}},"79":{"start":{"line":244,"column":4},"end":{"line":244,"column":27}},"80":{"start":{"line":245,"column":4},"end":{"line":245,"column":63}},"81":{"start":{"line":247,"column":4},"end":{"line":251,"column":7}},"82":{"start":{"line":254,"column":4},"end":{"line":312,"column":null}},"83":{"start":{"line":255,"column":6},"end":{"line":255,"column":38}},"84":{"start":{"line":256,"column":21},"end":{"line":256,"column":46}},"85":{"start":{"line":259,"column":6},"end":{"line":259,"column":29}},"86":{"start":{"line":261,"column":6},"end":{"line":264,"column":9}},"87":{"start":{"line":267,"column":6},"end":{"line":267,"column":33}},"88":{"start":{"line":270,"column":6},"end":{"line":270,"column":78}},"89":{"start":{"line":272,"column":6},"end":{"line":272,"column":20}},"90":{"start":{"line":274,"column":23},"end":{"line":274,"column":77}},"91":{"start":{"line":277,"column":6},"end":{"line":282,"column":9}},"92":{"start":{"line":285,"column":6},"end":{"line":285,"column":33}},"93":{"start":{"line":288,"column":6},"end":{"line":309,"column":null}},"94":{"start":{"line":289,"column":8},"end":{"line":289,"column":29}},"95":{"start":{"line":290,"column":27},"end":{"line":290,"column":80}},"96":{"start":{"line":291,"column":8},"end":{"line":291,"column":61}},"97":{"start":{"line":293,"column":8},"end":{"line":298,"column":11}},"98":{"start":{"line":301,"column":8},"end":{"line":301,"column":31}},"99":{"start":{"line":304,"column":8},"end":{"line":308,"column":11}},"100":{"start":{"line":311,"column":6},"end":{"line":311,"column":18}},"101":{"start":{"line":319,"column":4},"end":{"line":337,"column":null}},"102":{"start":{"line":320,"column":6},"end":{"line":323,"column":null}},"103":{"start":{"line":321,"column":8},"end":{"line":321,"column":80}},"104":{"start":{"line":322,"column":8},"end":{"line":322,"column":15}},"105":{"start":{"line":325,"column":24},"end":{"line":325,"column":80}},"106":{"start":{"line":327,"column":6},"end":{"line":334,"column":null}},"107":{"start":{"line":328,"column":8},"end":{"line":333,"column":11}},"108":{"start":{"line":330,"column":10},"end":{"line":332,"column":null}},"109":{"start":{"line":331,"column":12},"end":{"line":331,"column":103}},"110":{"start":{"line":336,"column":6},"end":{"line":336,"column":80}},"111":{"start":{"line":344,"column":4},"end":{"line":359,"column":null}},"112":{"start":{"line":345,"column":24},"end":{"line":354,"column":8}},"113":{"start":{"line":347,"column":52},"end":{"line":347,"column":56}},"114":{"start":{"line":349,"column":8},"end":{"line":353,"column":10}},"115":{"start":{"line":356,"column":6},"end":{"line":356,"column":80}},"116":{"start":{"line":358,"column":6},"end":{"line":358,"column":79}},"117":{"start":{"line":42,"column":0},"end":{"line":42,"column":13}},"118":{"start":{"line":364,"column":22},"end":{"line":364,"column":41}},"119":{"start":{"line":365,"column":0},"end":{"line":365,"column":29}}},"fnMap":{"0":{"name":"(anonymous_1)","decl":{"start":{"line":24,"column":0},"end":{"line":24,"column":12}},"loc":{"start":{"line":24,"column":20},"end":{"line":29,"column":1}}},"1":{"name":"(anonymous_2)","decl":{"start":{"line":50,"column":2},"end":{"line":50,"column":null}},"loc":{"start":{"line":52,"column":56},"end":{"line":67,"column":3}}},"2":{"name":"(anonymous_3)","decl":{"start":{"line":72,"column":9},"end":{"line":72,"column":21}},"loc":{"start":{"line":72,"column":53},"end":{"line":86,"column":3}}},"3":{"name":"(anonymous_4)","decl":{"start":{"line":91,"column":9},"end":{"line":91,"column":14}},"loc":{"start":{"line":91,"column":14},"end":{"line":97,"column":3}}},"4":{"name":"(anonymous_5)","decl":{"start":{"line":102,"column":9},"end":{"line":102,"column":13}},"loc":{"start":{"line":102,"column":13},"end":{"line":105,"column":3}}},"5":{"name":"(anonymous_6)","decl":{"start":{"line":110,"column":9},"end":{"line":110,"column":19}},"loc":{"start":{"line":110,"column":63},"end":{"line":126,"column":3}}},"6":{"name":"(anonymous_7)","decl":{"start":{"line":131,"column":9},"end":{"line":131,"column":19}},"loc":{"start":{"line":131,"column":30},"end":{"line":138,"column":3}}},"7":{"name":"(anonymous_8)","decl":{"start":{"line":143,"column":9},"end":{"line":143,"column":17}},"loc":{"start":{"line":143,"column":17},"end":{"line":145,"column":3}}},"8":{"name":"(anonymous_9)","decl":{"start":{"line":150,"column":9},"end":{"line":150,"column":16}},"loc":{"start":{"line":150,"column":27},"end":{"line":152,"column":3}}},"9":{"name":"(anonymous_10)","decl":{"start":{"line":157,"column":9},"end":{"line":157,"column":14}},"loc":{"start":{"line":157,"column":36},"end":{"line":164,"column":3}}},"10":{"name":"(anonymous_11)","decl":{"start":{"line":169,"column":9},"end":{"line":169,"column":12}},"loc":{"start":{"line":169,"column":77},"end":{"line":191,"column":3}}},"11":{"name":"(anonymous_12)","decl":{"start":{"line":196,"column":10},"end":{"line":196,"column":14}},"loc":{"start":{"line":196,"column":14},"end":{"line":235,"column":3}}},"12":{"name":"(anonymous_13)","decl":{"start":{"line":202,"column":23},"end":{"line":202,"column":27}},"loc":{"start":{"line":202,"column":30},"end":{"line":231,"column":5}}},"13":{"name":"(anonymous_14)","decl":{"start":{"line":223,"column":37},"end":{"line":223,"column":40}},"loc":{"start":{"line":223,"column":43},"end":{"line":229,"column":9}}},"14":{"name":"(anonymous_15)","decl":{"start":{"line":234,"column":15},"end":{"line":234,"column":18}},"loc":{"start":{"line":234,"column":21},"end":{"line":234,"column":32}}},"15":{"name":"(anonymous_16)","decl":{"start":{"line":240,"column":10},"end":{"line":240,"column":15}},"loc":{"start":{"line":240,"column":47},"end":{"line":313,"column":3}}},"16":{"name":"(anonymous_17)","decl":{"start":{"line":318,"column":10},"end":{"line":318,"column":19}},"loc":{"start":{"line":318,"column":19},"end":{"line":338,"column":3}}},"17":{"name":"(anonymous_18)","decl":{"start":{"line":328,"column":26},"end":{"line":328,"column":34}},"loc":{"start":{"line":328,"column":37},"end":{"line":333,"column":9}}},"18":{"name":"(anonymous_19)","decl":{"start":{"line":343,"column":10},"end":{"line":343,"column":19}},"loc":{"start":{"line":343,"column":19},"end":{"line":360,"column":3}}},"19":{"name":"(anonymous_20)","decl":{"start":{"line":345,"column":60},"end":{"line":345,"column":64}},"loc":{"start":{"line":345,"column":67},"end":{"line":354,"column":7}}}},"branchMap":{"0":{"loc":{"start":{"line":24,"column":12},"end":{"line":24,"column":null}},"type":"binary-expr","locations":[{"start":{"line":24,"column":12},"end":{"line":24,"column":20}},{"start":{"line":24,"column":12},"end":{"line":24,"column":null}}]},"1":{"loc":{"start":{"line":51,"column":4},"end":{"line":51,"column":61}},"type":"default-arg","locations":[{"start":{"line":51,"column":21},"end":{"line":51,"column":61}}]},"2":{"loc":{"start":{"line":52,"column":4},"end":{"line":52,"column":56}},"type":"default-arg","locations":[{"start":{"line":52,"column":24},"end":{"line":52,"column":56}}]},"3":{"loc":{"start":{"line":57,"column":4},"end":{"line":59,"column":null}},"type":"if","locations":[{"start":{"line":57,"column":4},"end":{"line":59,"column":null}}]},"4":{"loc":{"start":{"line":92,"column":4},"end":{"line":92,"column":29}},"type":"if","locations":[{"start":{"line":92,"column":4},"end":{"line":92,"column":29}}]},"5":{"loc":{"start":{"line":112,"column":4},"end":{"line":112,"column":28}},"type":"if","locations":[{"start":{"line":112,"column":4},"end":{"line":112,"column":28}}]},"6":{"loc":{"start":{"line":118,"column":4},"end":{"line":120,"column":null}},"type":"if","locations":[{"start":{"line":118,"column":4},"end":{"line":120,"column":null}}]},"7":{"loc":{"start":{"line":118,"column":8},"end":{"line":118,"column":44}},"type":"binary-expr","locations":[{"start":{"line":118,"column":8},"end":{"line":118,"column":24}},{"start":{"line":118,"column":28},"end":{"line":118,"column":44}}]},"8":{"loc":{"start":{"line":133,"column":4},"end":{"line":136,"column":null}},"type":"if","locations":[{"start":{"line":133,"column":4},"end":{"line":136,"column":null}}]},"9":{"loc":{"start":{"line":159,"column":4},"end":{"line":161,"column":null}},"type":"if","locations":[{"start":{"line":159,"column":4},"end":{"line":161,"column":null}}]},"10":{"loc":{"start":{"line":181,"column":4},"end":{"line":183,"column":null}},"type":"if","locations":[{"start":{"line":181,"column":4},"end":{"line":183,"column":null}}]},"11":{"loc":{"start":{"line":186,"column":60},"end":{"line":186,"column":100}},"type":"cond-expr","locations":[{"start":{"line":186,"column":71},"end":{"line":186,"column":95}},{"start":{"line":186,"column":98},"end":{"line":186,"column":100}}]},"12":{"loc":{"start":{"line":197,"column":4},"end":{"line":197,"column":30}},"type":"if","locations":[{"start":{"line":197,"column":4},"end":{"line":197,"column":30}}]},"13":{"loc":{"start":{"line":203,"column":6},"end":{"line":203,"column":32}},"type":"if","locations":[{"start":{"line":203,"column":6},"end":{"line":203,"column":32}}]},"14":{"loc":{"start":{"line":206,"column":6},"end":{"line":219,"column":null}},"type":"if","locations":[{"start":{"line":206,"column":6},"end":{"line":219,"column":null}}]},"15":{"loc":{"start":{"line":206,"column":10},"end":{"line":206,"column":45}},"type":"binary-expr","locations":[{"start":{"line":206,"column":10},"end":{"line":206,"column":29}},{"start":{"line":206,"column":33},"end":{"line":206,"column":45}}]},"16":{"loc":{"start":{"line":207,"column":28},"end":{"line":207,"column":93}},"type":"cond-expr","locations":[{"start":{"line":207,"column":47},"end":{"line":207,"column":89}},{"start":{"line":207,"column":92},"end":{"line":207,"column":93}}]},"17":{"loc":{"start":{"line":208,"column":8},"end":{"line":218,"column":null}},"type":"if","locations":[{"start":{"line":208,"column":8},"end":{"line":218,"column":null}}]},"18":{"loc":{"start":{"line":222,"column":6},"end":{"line":230,"column":null}},"type":"if","locations":[{"start":{"line":222,"column":6},"end":{"line":230,"column":null}}]},"19":{"loc":{"start":{"line":222,"column":10},"end":{"line":222,"column":77}},"type":"binary-expr","locations":[{"start":{"line":222,"column":10},"end":{"line":222,"column":30}},{"start":{"line":222,"column":34},"end":{"line":222,"column":50}},{"start":{"line":222,"column":54},"end":{"line":222,"column":77}}]},"20":{"loc":{"start":{"line":274,"column":23},"end":{"line":274,"column":77}},"type":"cond-expr","locations":[{"start":{"line":274,"column":48},"end":{"line":274,"column":61}},{"start":{"line":274,"column":64},"end":{"line":274,"column":77}}]},"21":{"loc":{"start":{"line":288,"column":6},"end":{"line":309,"column":null}},"type":"if","locations":[{"start":{"line":288,"column":6},"end":{"line":309,"column":null}},{"start":{"line":299,"column":13},"end":{"line":309,"column":null}}]},"22":{"loc":{"start":{"line":320,"column":6},"end":{"line":323,"column":null}},"type":"if","locations":[{"start":{"line":320,"column":6},"end":{"line":323,"column":null}}]},"23":{"loc":{"start":{"line":327,"column":6},"end":{"line":334,"column":null}},"type":"if","locations":[{"start":{"line":327,"column":6},"end":{"line":334,"column":null}}]},"24":{"loc":{"start":{"line":330,"column":10},"end":{"line":332,"column":null}},"type":"if","locations":[{"start":{"line":330,"column":10},"end":{"line":332,"column":null}}]}},"s":{"0":1,"1":1,"2":1,"3":1,"4":1,"5":1,"6":1,"7":1,"8":1,"9":1,"10":1,"11":1,"12":1,"13":1,"14":1,"15":0,"16":1,"17":1,"18":1,"19":1,"20":0,"21":0,"22":0,"23":0,"24":0,"25":0,"26":0,"27":0,"28":0,"29":0,"30":0,"31":0,"32":0,"33":0,"34":0,"35":0,"36":0,"37":0,"38":0,"39":0,"40":0,"41":0,"42":0,"43":0,"44":0,"45":0,"46":0,"47":0,"48":0,"49":0,"50":0,"51":0,"52":0,"53":0,"54":0,"55":0,"56":0,"57":0,"58":0,"59":0,"60":0,"61":0,"62":0,"63":0,"64":0,"65":0,"66":0,"67":0,"68":0,"69":0,"70":0,"71":0,"72":0,"73":0,"74":0,"75":0,"76":0,"77":0,"78":0,"79":0,"80":0,"81":0,"82":0,"83":0,"84":0,"85":0,"86":0,"87":0,"88":0,"89":0,"90":0,"91":0,"92":0,"93":0,"94":0,"95":0,"96":0,"97":0,"98":0,"99":0,"100":0,"101":1,"102":1,"103":0,"104":0,"105":1,"106":1,"107":1,"108":1,"109":0,"110":0,"111":0,"112":0,"113":0,"114":0,"115":0,"116":0,"117":1,"118":1,"119":1},"f":{"0":1,"1":1,"2":0,"3":0,"4":0,"5":0,"6":0,"7":0,"8":0,"9":0,"10":0,"11":0,"12":0,"13":0,"14":0,"15":0,"16":1,"17":1,"18":0,"19":0},"b":{"0":[1,1],"1":[1],"2":[1],"3":[0],"4":[0],"5":[0],"6":[0],"7":[0,0],"8":[0],"9":[0],"10":[0],"11":[0,0],"12":[0],"13":[0],"14":[0],"15":[0,0],"16":[0,0],"17":[0],"18":[0],"19":[0,0,0],"20":[0,0],"21":[0,0],"22":[0],"23":[1],"24":[0]}}
}
